<?xml version="1.0" encoding="UTF-8"?>
<!-- Generated by org.testng.reporters.JUnitReportReporter -->
<testsuite hostname="DESKTOP-POCROKI" name="Swagger_API.swaggerAPI" tests="5" failures="0" timestamp="21 Mar 2022 11:17:14 GMT" time="40.320" errors="0">
  <testcase name="login" time="1.639" classname="Swagger_API.swaggerAPI"/>
  <testcase name="delete" time="1.473" classname="Swagger_API.swaggerAPI"/>
  <testcase name="logout" time="1.490" classname="Swagger_API.swaggerAPI"/>
  <testcase name="createUser" time="34.200" classname="Swagger_API.swaggerAPI"/>
  <testcase name="edit" time="1.518" classname="Swagger_API.swaggerAPI"/>
</testsuite> <!-- Swagger_API.swaggerAPI -->
